<?xml version="1.0" encoding="UTF-8"?>
<testsuite xmlns:xsi="http://www.w3.org/2001/XMLSchema-instance" xsi:noNamespaceSchemaLocation="https://maven.apache.org/surefire/maven-surefire-plugin/xsd/surefire-test-report-3.0.xsd" version="3.0" name="com.example.Unplugged.UnpluggedApplicationTests" time="6.437" tests="1" errors="0" skipped="0" failures="0">
  <properties>
[...]
</properties>
  <testcase name="contextLoads" classname="com.example.Unplugged.UnpluggedApplicationTests" time="0.69">
    <system-out><![CDATA[14:31:05.003 [main] INFO org.springframework.test.context.support.AnnotationConfigContextLoaderUtils -- Could not detect default configuration classes for test class [com.example.Unplugged.UnpluggedApplicationTests]: UnpluggedApplicationTests does not declare any static, non-private, non-final, nested classes annotated with @Configuration.
14:31:05.164 [main] INFO org.springframework.boot.test.context.SpringBootTestContextBootstrapper -- Found @SpringBootConfiguration com.example.Unplugged.UnpluggedApplication for test class com.example.Unplugged.UnpluggedApplicationTests

  .   ____          _            __ _ _
 /\\ / ___'_ __ _ _(_)_ __  __ _ \ \ \ \
( ( )\___ | '_ | '_| | '_ \/ _` | \ \ \ \
 \\/  ___)| |_)| | | | | || (_| |  ) ) ) )
  '  |____| .__|_| |_|_| |_\__, | / / / /
 =========|_|==============|___/=/_/_/_/
 :: Spring Boot ::                (v3.1.4)

2023-10-04T14:31:05.774+05:30  INFO 29996 --- [           main] c.e.Unplugged.UnpluggedApplicationTests  : Starting UnpluggedApplicationTests using Java 17.0.6 with PID 29996 (started by LEGION in C:\Users\LEGION\Downloads\Unplugged\Unplugged)
2023-10-04T14:31:05.777+05:30  INFO 29996 --- [           main] c.e.Unplugged.UnpluggedApplicationTests  : No active profile set, falling back to 1 default profile: "default"
2023-10-04T14:31:06.508+05:30  INFO 29996 --- [           main] .s.d.r.c.RepositoryConfigurationDelegate : Bootstrapping Spring Data JPA repositories in DEFAULT mode.
2023-10-04T14:31:06.588+05:30  INFO 29996 --- [           main] .s.d.r.c.RepositoryConfigurationDelegate : Finished Spring Data repository scanning in 65 ms. Found 1 JPA repository interfaces.
2023-10-04T14:31:07.130+05:30  INFO 29996 --- [           main] o.hibernate.jpa.internal.util.LogHelper  : HHH000204: Processing PersistenceUnitInfo [name: default]
2023-10-04T14:31:07.234+05:30  INFO 29996 --- [           main] org.hibernate.Version                    : HHH000412: Hibernate ORM core version 6.2.9.Final
2023-10-04T14:31:07.238+05:30  INFO 29996 --- [           main] org.hibernate.cfg.Environment            : HHH000406: Using bytecode reflection optimizer
2023-10-04T14:31:07.529+05:30  INFO 29996 --- [           main] o.h.b.i.BytecodeProviderInitiator        : HHH000021: Bytecode provider name : bytebuddy
2023-10-04T14:31:07.710+05:30  INFO 29996 --- [           main] o.s.o.j.p.SpringPersistenceUnitInfo      : No LoadTimeWeaver setup: ignoring JPA class transformer
2023-10-04T14:31:07.734+05:30  INFO 29996 --- [           main] com.zaxxer.hikari.HikariDataSource       : HikariPool-1 - Starting...
2023-10-04T14:31:08.212+05:30  INFO 29996 --- [           main] com.zaxxer.hikari.pool.HikariPool        : HikariPool-1 - Added connection com.mysql.cj.jdbc.ConnectionImpl@4b3ad7ca
2023-10-04T14:31:08.216+05:30  INFO 29996 --- [           main] com.zaxxer.hikari.HikariDataSource       : HikariPool-1 - Start completed.
2023-10-04T14:31:08.583+05:30  INFO 29996 --- [           main] o.h.b.i.BytecodeProviderInitiator        : HHH000021: Bytecode provider name : bytebuddy
2023-10-04T14:31:09.395+05:30  INFO 29996 --- [           main] o.h.e.t.j.p.i.JtaPlatformInitiator       : HHH000490: Using JtaPlatform implementation: [org.hibernate.engine.transaction.jta.platform.internal.NoJtaPlatform]
2023-10-04T14:31:09.540+05:30  INFO 29996 --- [           main] j.LocalContainerEntityManagerFactoryBean : Initialized JPA EntityManagerFactory for persistence unit 'default'
2023-10-04T14:31:09.983+05:30  WARN 29996 --- [           main] JpaBaseConfiguration$JpaWebConfiguration : spring.jpa.open-in-view is enabled by default. Therefore, database queries may be performed during view rendering. Explicitly configure spring.jpa.open-in-view to disable this warning
2023-10-04T14:31:10.405+05:30  INFO 29996 --- [           main] c.e.Unplugged.UnpluggedApplicationTests  : Started UnpluggedApplicationTests in 5.024 seconds (process running for 6.642)
]]></system-out>
  </testcase>
</testsuite>